<?xml version="1.0" encoding="UTF-8"?>
<beans xmlns="http://www.springframework.org/schema/beans"
       xmlns:p="http://www.springframework.org/schema/p" xmlns:tx="http://www.springframework.org/schema/tx"
       xmlns:context="http://www.springframework.org/schema/context"
       xmlns:xsi="http://www.w3.org/2001/XMLSchema-instance"
       xsi:schemaLocation="http://www.springframework.org/schema/beans

http://www.springframework.org/schema/beans/spring-beans-3.0.xsd
http://www.springframework.org/schema/tx
http://www.springframework.org/schema/tx/spring-tx-3.0.xsd
http://www.springframework.org/schema/context
http://www.springframework.org/schema/context/spring-context-3.0.xsd">
    <context:annotation-config />
    <tx:annotation-driven transaction-manager="transactionManager" />

    <bean id="entityManagerFactory"
          class="org.springframework.orm.jpa.LocalContainerEntityManagerFactoryBean">
        <property name="dataSource">
            <ref bean="dataSource"/>
        </property>
        <property name="jpaVendorAdapter">
            <bean class="org.springframework.orm.jpa.vendor.HibernateJpaVendorAdapter" />
        </property>
        <property name="persistenceXmlLocation" value="classpath:/META-INF/test-persistence.xml" />
        <property name="persistenceUnitName" value="TestJpaService" />
    </bean>

    <bean id="dataSource" class="org.springframework.jdbc.datasource.DriverManagerDataSource">
        <property name="driverClassName" value="org.h2.Driver"/>
        <property name="url" value="jdbc:h2:mem:test;MODE=MySQL;DB_CLOSE_DELAY=-1"/>
    </bean>

    <bean id="jpaAdaptor" class="org.springframework.orm.jpa.vendor.HibernateJpaVendorAdapter">
        <property name="showSql" value="false" />
        <property name="generateDdl" value="true" />
        <property name="databasePlatform" value="org.hibernate.dialect.H2Dialect" />
    </bean>

    <bean class="org.springframework.orm.jpa.JpaTransactionManager" id="transactionManager">
        <property name="entityManagerFactory" ref="entityManagerFactory" />
    </bean>

    <context:component-scan
            base-package="com.softserveinc.ita.jexercises.persistence.dao.impl.hibernate">
        <context:include-filter type="annotation"
                                expression="org.springframework.stereotype.Repository" />
    </context:component-scan>
</beans>