<?xml version="1.0" encoding="UTF-8"?>
<persistence version="2.0"
	xmlns="http://java.sun.com/xml/ns/persistence" xmlns:xsi="http://www.w3.org/2001/XMLSchema-instance"
	xsi:schemaLocation="
        http://java.sun.com/xml/ns/persistence
        http://java.sun.com/xml/ns/persistence/persistence_2_0.xsd">
	<persistence-unit name="TestJpaService" transaction-type="RESOURCE_LOCAL">
		<provider>org.hibernate.ejb.HibernatePersistence</provider>
		<class>com.softserveinc.ita.jexercises.common.entity.Attempt</class>
		<class>com.softserveinc.ita.jexercises.common.entity.Test</class>
		<class>com.softserveinc.ita.jexercises.common.entity.User</class>
		<class>com.softserveinc.ita.jexercises.common.entity.Question</class>
		<class>com.softserveinc.ita.jexercises.common.entity.Assert</class>
		<class>com.softserveinc.ita.jexercises.common.entity.UserAnswer</class>
        <class>com.softserveinc.ita.jexercises.common.entity.SharedAnswer</class>
		<class>com.softserveinc.ita.jexercises.common.entity.Link</class>
		<properties>
            <property name="hibernate.format_sql" value="true"/>
            <property name="hibernate.hbm2ddl.auto" value="create"/>
		</properties>
	</persistence-unit>
</persistence>

